<?xml version="1.0" encoding="UTF-8"?>
<robot generator="Robot 6.0.1 (Python 3.11.0 on win32)" generated="20230121 16:13:45.892" rpa="false" schemaversion="3">
<suite id="s1" name="Sample" source="C:\Users\Administrator\PycharmProjects\pythonProject\Testcases\sample.robot">
<test id="s1-t1" name="search test1" line="10">
<kw name="Open Browser" library="SeleniumLibrary">
<arg>https://www.google.com/</arg>
<arg>Chrome</arg>
<doc>Opens a new browser instance to the optional ``url``.</doc>
<msg timestamp="20230121 16:13:46.548" level="INFO">Opening browser 'Chrome' to base url 'https://www.google.com/'.</msg>
<status status="PASS" starttime="20230121 16:13:46.548" endtime="20230121 16:14:02.343"/>
</kw>
<kw name="Maximize Browser Window" library="SeleniumLibrary">
<doc>Maximizes current browser window.</doc>
<status status="PASS" starttime="20230121 16:14:02.343" endtime="20230121 16:14:02.489"/>
</kw>
<kw name="Set Selenium Implicit Wait" library="SeleniumLibrary">
<arg>3</arg>
<doc>Sets the implicit wait value used by Selenium.</doc>
<status status="PASS" starttime="20230121 16:14:02.489" endtime="20230121 16:14:02.489"/>
</kw>
<kw name="Input Text" library="SeleniumLibrary">
<arg>q</arg>
<arg>java</arg>
<doc>Types the given ``text`` into the text field identified by ``locator``.</doc>
<msg timestamp="20230121 16:14:02.489" level="INFO">Typing text 'java' into text field 'q'.</msg>
<msg timestamp="20230121 16:14:02.739" level="INFO" html="true">&lt;/td&gt;&lt;/tr&gt;&lt;tr&gt;&lt;td colspan="3"&gt;&lt;a href="selenium-screenshot-12.png"&gt;&lt;img src="selenium-screenshot-12.png" width="800px"&gt;&lt;/a&gt;</msg>
<msg timestamp="20230121 16:14:02.739" level="FAIL">InvalidElementStateException: Message: invalid element state
  (Session info: chrome=109.0.5414.75)
Stacktrace:
Backtrace:
	(No symbol) [0x00CA6643]
	(No symbol) [0x00C3BE21]
	(No symbol) [0x00B3D960]
	(No symbol) [0x00B68B61]
	(No symbol) [0x00B8FD7C]
	(No symbol) [0x00B6641F]
	(No symbol) [0x00B900D4]
	(No symbol) [0x00BA6B09]
	(No symbol) [0x00B8FB76]
	(No symbol) [0x00B649C1]
	(No symbol) [0x00B65E5D]
	GetHandleVerifier [0x00F1A142+2497106]
	GetHandleVerifier [0x00F485D3+2686691]
	GetHandleVerifier [0x00F4BB9C+2700460]
	GetHandleVerifier [0x00D53B10+635936]
	(No symbol) [0x00C44A1F]
	(No symbol) [0x00C4A418]
	(No symbol) [0x00C4A505]
	(No symbol) [0x00C5508B]
	BaseThreadInitThunk [0x765300F9+25]
	RtlGetAppContainerNamedObjectPath [0x77067BBE+286]
	RtlGetAppContainerNamedObjectPath [0x77067B8E+238]
</msg>
<status status="FAIL" starttime="20230121 16:14:02.489" endtime="20230121 16:14:02.754"/>
</kw>
<status status="FAIL" starttime="20230121 16:13:46.548" endtime="20230121 16:14:02.754">InvalidElementStateException: Message: invalid element state
  (Session info: chrome=109.0.5414.75)
Stacktrace:
Backtrace:
	(No symbol) [0x00CA6643]
	(No symbol) [0x00C3BE21]
	(No symbol) [0x00B3D960]
	(No symbol) [0x00B68B61]
	(No symbol) [0x00B8FD7C]
	(No symbol) [0x00B6641F]
	(No symbol) [0x00B900D4]
	(No symbol) [0x00BA6B09]
	(No symbol) [0x00B8FB76]
	(No symbol) [0x00B649C1]
	(No symbol) [0x00B65E5D]
	GetHandleVerifier [0x00F1A142+2497106]
	GetHandleVerifier [0x00F485D3+2686691]
	GetHandleVerifier [0x00F4BB9C+2700460]
	GetHandleVerifier [0x00D53B10+635936]
	(No symbol) [0x00C44A1F]
	(No symbol) [0x00C4A418]
	(No symbol) [0x00C4A505]
	(No symbol) [0x00C5508B]
	BaseThreadInitThunk [0x765300F9+25]
	RtlGetAppContainerNamedObjectPath [0x77067BBE+286]
	RtlGetAppContainerNamedObjectPath [0x77067B8E+238]
</status>
</test>
<status status="FAIL" starttime="20230121 16:13:45.892" endtime="20230121 16:14:02.754"/>
</suite>
<statistics>
<total>
<stat pass="0" fail="1" skip="0">All Tests</stat>
</total>
<tag>
</tag>
<suite>
<stat pass="0" fail="1" skip="0" id="s1" name="Sample">Sample</stat>
</suite>
</statistics>
<errors>
</errors>
</robot>
